<?xml version="1.0" encoding="UTF-8"?>
<!-- Generated by org.testng.reporters.JUnitReportReporter -->
<testsuite hostname="DESKTOP-NB17RKO" failures="0" tests="1" name="report.LoginDetails" time="5.123" errors="0" timestamp="2024-08-24T11:40:16 IST" skipped="0">
  <testcase classname="report.LoginDetails" name="luach" time="5.123"/>
  <system-out/>
</testsuite> <!-- report.LoginDetails -->
