<?xml version="1.0" encoding="UTF-8"?>
<!-- Generated by org.testng.reporters.JUnitReportReporter -->
<testsuite hostname="DESKTOP-NB17RKO" failures="0" tests="1" name="report.util" time="36.818" errors="0" timestamp="2024-08-24T23:58:44 IST" skipped="0">
  <testcase classname="report.util" name="screenShot" time="36.818"/>
  <system-out/>
</testsuite> <!-- report.util -->
