<?xml version="1.0" encoding="UTF-8"?>
<!-- Generated by org.testng.reporters.JUnitReportReporter -->
<testsuite hostname="DESKTOP-NB17RKO" failures="0" tests="2" name="Button.Radion" time="45.125" errors="0" timestamp="2024-08-26T22:56:33 IST" skipped="0">
  <testcase classname="Button.Radion" name="button" time="22.134"/>
  <system-out/>
  <testcase classname="Button.Radion" name="button" time="22.991"/>
  <system-out/>
</testsuite> <!-- Button.Radion -->
